<?xml version="1.0" encoding="UTF-8"?>
<!-- Generated by org.testng.reporters.JUnitReportReporter -->
<testsuite hostname="LAPTOP-48ORBJJK" failures="0" tests="1" name="com.basicsScripts.Monster_Test" time="0.001" errors="0" timestamp="2024-07-27T20:10:08 IST" skipped="0">
  <testcase classname="com.basicsScripts.Monster_Test" name="executeScript" time="0.001"/>
</testsuite> <!-- com.basicsScripts.Monster_Test -->
