<?xml version="1.0" encoding="UTF-8"?>
<!-- Generated by org.testng.reporters.JUnitReportReporter -->
<testsuite hostname="LAPTOP-48ORBJJK" failures="0" tests="1" name="com.groupExecutionClasses.Puneeth" time="2.385" errors="0" timestamp="2024-07-27T20:12:23 IST" skipped="0">
  <testcase classname="com.groupExecutionClasses.Puneeth" name="executeScript" time="2.385">
    <system-out>
      <![CDATA[puneeth]]>
    </system-out>
  </testcase> <!-- executeScript -->
  <system-out>
    <![CDATA[Allu
vicky
mahesh
Yash
puneeth]]>
  </system-out>
</testsuite> <!-- com.groupExecutionClasses.Puneeth -->
