<?xml version="1.0" encoding="UTF-8"?>
<!-- Generated by org.testng.reporters.JUnitReportReporter -->
<testsuite hostname="LAPTOP-48ORBJJK" failures="0" tests="1" name="com.basicsScripts.LinkIn_Test" time="2.047" errors="0" timestamp="2024-07-27T20:10:08 IST" skipped="0">
  <testcase classname="com.basicsScripts.LinkIn_Test" name="executeScript" time="2.047"/>
</testsuite> <!-- com.basicsScripts.LinkIn_Test -->
